/usr/bin/javac  -cp .:..:./lib/bufmgr.jar:./lib/diskmgr.jar:./lib/heap.jar:./lib/index.jar:./lib/relop.jar:/Applications/IntelliJ\ IDEA\ 15.app/Contents/lib/junit-4.12.jar:/Applications/IntelliJ\ IDEA\ 15.app/Contents/lib/hamcrest-core-1.3.jar -d ./bin ./src/*/*.java
/usr/bin/java  -cp .:..:./lib/bufmgr.jar:./lib/diskmgr.jar:./lib/heap.jar:./lib/index.jar:./lib/relop.jar:/Applications/IntelliJ\ IDEA\ 15.app/Contents/lib/junit-4.12.jar:/Applications/IntelliJ\ IDEA\ 15.app/Contents/lib/hamcrest-core-1.3.jar:./bin global.Msql queries/queries.sql
Minibase SQL Utility 1.0
Loading database...

MSQL> 
ERROR: index 'IX_Age' doesn't exist

MSQL> 
ERROR: index 'IX_Name' doesn't exist

MSQL> 
ERROR: table 'Students' doesn't exist

MSQL> 
ERROR: table 'Courses' doesn't exist

MSQL> 
ERROR: table 'Grades' doesn't exist

MSQL> 
ERROR: table 'Foo' doesn't exist

MSQL> 
Table created.

MSQL> 
Table created.

MSQL> 
Table created.

MSQL> 
Table created.

MSQL> 
Index created.

MSQL> 
Index created.

MSQL> 
Index created.

MSQL> 
1 row inserted.

MSQL> 
1 row inserted.

MSQL> 
1 row inserted.

MSQL> 
1 row inserted.

MSQL> 
1 row inserted.

MSQL> 
1 row inserted.

MSQL> 
1 row inserted.

MSQL> 
1 row inserted.

MSQL> 
1 row inserted.

MSQL> 
1 row inserted.

MSQL> 
1 row inserted.

MSQL> 
1 row inserted.

MSQL> 
1 row inserted.

MSQL> 
1 row inserted.

MSQL> 
1 row inserted.

MSQL> 
1 row inserted.

MSQL> 
1 row inserted.

MSQL> 
1 row inserted.

MSQL> 
Projection : {0}, {1}, {5}
  SimpleJoin : sid = gsid
    FileScan : Students
    Selection : points >= 3.0
      FileScan : Grades

MSQL> 
sid       name                                              points    
----------------------------------------------------------------------
2         Chris                                             4.0       
1         Alice                                             3.1       
5         Ron                                               3.0       

MSQL> 
Projection : {0}, {1}, {5}
  SimpleJoin : sid = gsid
    FileScan : Students
    Selection : points = 3.0
      FileScan : Grades

MSQL> 
sid       name                                              points    
----------------------------------------------------------------------
5         Ron                                               3.0       

MSQL> 
Projection : {0}, {1}, {5}
  Selection : sid = gsid OR points <= 2.5
    Selection : points >= 3.0 OR sid = gsid
      SimpleJoin : sid = gsid OR sid = gsid
        FileScan : Students
        Selection : points >= 3.0 OR points <= 2.5
          FileScan : Grades

MSQL> 
sid       name                                              points    
----------------------------------------------------------------------
1         Alice                                             3.1       
2         Chris                                             4.0       
3         Bob                                               2.5       
5         Ron                                               3.0       

MSQL> 
Selection : b = 2 OR e = 5
  Selection : a = 1 OR e = 5
    Selection : b = 2 OR d = 4
      Selection : a = 1 OR d = 4
        Selection : b = 2 OR c = 3
          Selection : a = 1 OR c = 3
            FileScan : Foo

MSQL> 
a         b         c         d         e         
--------------------------------------------------
1         2         8         4         5         
1         5         3         4         5         

MSQL> 
SimpleJoin : sid = gsid
  Selection : age = 30.0
    FileScan : Students
  FileScan : Grades

MSQL> 
sid       name                                              age       gsid      gcid      points    
----------------------------------------------------------------------------------------------------
3         Bob                                               30.0      3         348       2.5       
5         Ron                                               30.0      5         542       3.0       

MSQL> 
SimpleJoin : sid = gsid
  SimpleJoin : cid = gcid
    FileScan : Grades
    FileScan : Courses
  FileScan : Students

MSQL> 
gsid      gcid      points    cid       title                                             sid       name                                              age       
----------------------------------------------------------------------------------------------------------------------------------------------------------------
2         448       4.0       448       DB Fun                                            2         Chris                                             12.34     
3         348       2.5       348       Less Cool                                         3         Bob                                               30.0      
1         348       3.1       348       Less Cool                                         1         Alice                                             25.67     
4         542       2.8       542       More Fun                                          4         Andy                                              50.0      
5         542       3.0       542       More Fun                                          5         Ron                                               30.0      

MSQL> 
Projection : {6}, {2}, {4}
  Selection : cid = gcid
    SimpleJoin : sid = gsid
      FileScan : Grades
      SimpleJoin : (cross)
        FileScan : Courses
        FileScan : Students

MSQL> 
name                                              points    title                                             
--------------------------------------------------------------------------------------------------------------
Chris                                             4.0       DB Fun                                            
Bob                                               2.5       Less Cool                                         
Alice                                             3.1       Less Cool                                         
Andy                                              2.8       More Fun                                          
Ron                                               3.0       More Fun                                          

MSQL> 
Selection : points >= 3.0 OR cid >= 400
  Selection : cid = gcid OR cid >= 400
    Selection : sid = gsid OR cid >= 400
      Selection : points >= 3.0 OR cid = gcid
        Selection : cid = gcid OR cid = gcid
          Selection : sid = gsid OR cid = gcid
            Selection : points >= 3.0 OR sid = gsid
              Selection : cid = gcid OR sid = gsid
                SimpleJoin : sid = gsid OR sid = gsid
                  SimpleJoin : (cross)
                    FileScan : Students
                    FileScan : Courses
                  FileScan : Grades

MSQL> 
sid       name                                              age       cid       title                                             gsid      gcid      points    
----------------------------------------------------------------------------------------------------------------------------------------------------------------
1         Alice                                             25.67     348       Less Cool                                         1         348       3.1       
2         Chris                                             12.34     448       DB Fun                                            2         448       4.0       
4         Andy                                              50.0      542       More Fun                                          4         542       2.8       
5         Ron                                               30.0      542       More Fun                                          5         542       3.0       

MSQL> 
reads  = 6
writes = 30
allocs = 23
pinned = 0

MSQL> 
ERROR: file 'Courses' already exists

MSQL> 
ERROR: file 'IX_Age' already exists

MSQL> 
ERROR: duplicate column 'id'

MSQL> 
ERROR: column 'id' too small

MSQL> 
ERROR: column 'id' too large

MSQL> 
ERROR: records will be too large

MSQL> 
ERROR: file 'Courses' already exists

MSQL> 
ERROR: file 'IX_Age' already exists

MSQL> 
ERROR: table 'Unknown' doesn't exist

MSQL> 
ERROR: column 'secret' doesn't exist

MSQL> 
ERROR: table 'Bad' doesn't exist

MSQL> 
ERROR: index 'Bad' doesn't exist

MSQL> 
ERROR: table 'Bad' doesn't exist

MSQL> 
ERROR: table 'Bad' doesn't exist

MSQL> 
ERROR: invalid number of values

MSQL> 
ERROR: invalid column value 'one'

MSQL> 
ERROR: table 'Bad' doesn't exist

MSQL> 
ERROR: invalid predicate 'bad = 5'

MSQL> 
ERROR: invalid predicate 'gsid = 'bad''

MSQL> 
ERROR: table 'Bad' doesn't exist

MSQL> 
ERROR: column 'bad' doesn't exist

MSQL> 
ERROR: invalid column value 'bad'

MSQL> 
ERROR: table 'Bad' doesn't exist

MSQL> 
ERROR: column 'bad' doesn't exist

MSQL> 
ERROR: invalid predicate 'bad = 5'

MSQL> 
sid: INTEGER
name: STRING
age: FLOAT

MSQL> 
1 rows updated.

MSQL> 
1 rows deleted.

MSQL> 
Index dropped.

MSQL> 
Index dropped.

MSQL> 
Table dropped.

MSQL> 
Table dropped.

MSQL> 
Table dropped.

MSQL> 
Table dropped.

MSQL> 
Closing database...
